---------------------------------------------
PIC ASSEMBLER LISTING
Line    Address Opcode  Instruction
---------------------------------------------
0001    0000            ; Group members:
0002    0000            ; A.K. Bogatsu (221567510)
0003    0000            ; T.E. Masilela (22866065) 
0004    0000            ; K. Matlhaela (222404886)
0005    0000            ; M Zondi (224527942)
0006    0000            
0007    0000            ; Date: 16/04/2024
0008    0000            ; Title: Traffic Light Controller using PIC16F627
0009    0000            ; Description: The purpose of the code is to implement a traffic light controller  
0010    0000            ;              that cycles through three states (red, green, yellow, red). It also consists
0011    0000            ;              of a pedestrian button that will interrupt the main cycle by switching 
0012    0000            ;              to the pedestrian crossing state. The pedestrian crossing state must
0013    0000            ;              light a red light for 10 seconds then light a green LED for 10 seconds. 
0014    0000            ;              After completion of the pedestrian crossing state the traffic light must
0015    0000            ;              return to its previous state and continue its normal cycle.              
0016    0000            
0017    0000            ; LEDs are connected to PORTB (RB0, RB1, RB2)
0018    0000            ; Pedestrian button is connected to RB3
0019    0000            ;
0020    0000            ; Oscillator type and speed: 4MHz Oscillator using Simulation
0021    0000            ; Fuse settings: None 
0022    0000            
0023    0000                ; Define constants
0024    0000                RED_TIME        EQU 10000     ; 10 seconds in ms
0025    0000                YELLOW_TIME     EQU 3000      ; 3 seconds in ms
0026    0000                GREEN_TIME      EQU 10000     ; 10 seconds in ms
0027    0000            
0028    0000                red             EQU 1
0029    0000                yellow          EQU 2
0030    0000                green           EQU 3
0031    0000                pedestrian_red  EQU 7
0032    0000                pedestrian_green EQU 6
0033    0000                button          EQU 0
0034    0000            
0035    0000                ; Declare variables - COUNT1 and COUNT2    
0036    0000                COUNT1 EQU h'20'    ; Define COUNT1 as a variable
0037    0000                COUNT2 EQU h'21'    ; Delay counter for pedestrian crossing state
0038    0000                BUTTON_PRESSED EQU h'22' ; Variable to track button press
0039    0000            
0040    0000                ; Setup registers and ports
0041    0000                ORG h'00'
0042    0000    2809        GOTO INIT 
0043    0001            
0044    0001                ORG h'04'
0045    0004                ; Interrupt service routine for button press
0046    0004    1C8B        BTFSS INTCON, INTF       ; Check if the interrupt is caused by the button press
0047    0005    0009        RETFIE                   ; Return from interrupt if not
0048    0006    108B        BCF INTCON, INTF         ; Clear the interrupt flag
0049    0007    1422        BSF BUTTON_PRESSED, 0    ; Set the button pressed flag
0050    0008    0009        RETFIE
0051    0009            
0052    0009            INIT:                
0053    0009    1683        BSF STATUS, RP0          ; Bank 1
0054    000A    1406        BSF TRISB, button        ; input pin 0 for the button         
0055    000B    1086        BCF TRISB, red           ; output pin 1 for the red LED
0056    000C    1106        BCF TRISB, yellow        ; output pin 2 for the yellow LED
0057    000D    1186        BCF TRISB, green         ; output pin 3 for the green LED
0058    000E    1386        BCF TRISB, pedestrian_red ; output pin 7 for the pedestrian red LED
0059    000F    1306        BCF TRISB, pedestrian_green ; output pin 6 for the pedestrian green LED
0060    0010            
0061    0010    1283        BCF STATUS, RP0          ; Bank 0
0062    0011            
0063    0011                ; Initialize INTCON register for interrupts
0064    0011    160B        BSF INTCON, INTE          ; Enable RB0/INT external interrupt
0065    0012    178B        BSF INTCON, GIE           ; Enable global interrupt
0066    0013            
0067    0013    1022        BCF BUTTON_PRESSED, 0     ; Clear the button pressed flag
0068    0014            
0069    0014            MAIN:
0070    0014                ; Red state
0071    0014    1486        BSF PORTB, red            ; Turn on red LED
0072    0015    2031        CALL DELAY1               ; Wait for RED_TIME (10 seconds)
0073    0016    1086        BCF PORTB, red            ; Turn off red LED
0074    0017            
0075    0017                ; Check if pedestrian button pressed
0076    0017    1822        BTFSC BUTTON_PRESSED, 0   ; If button pressed
0077    0018    2824        GOTO CAUTION              ; Jump to the caution state
0078    0019            
0079    0019                ; Green state
0080    0019    1586        BSF PORTB, green          ; Turn on green LED
0081    001A    2031        CALL DELAY1               ; Wait for GREEN_TIME (10 seconds)
0082    001B    1186        BCF PORTB, green          ; Turn off green LED
0083    001C            
0084    001C                ; Check if pedestrian button pressed
0085    001C    1822        BTFSC BUTTON_PRESSED, 0   ; If button pressed
0086    001D    2824        GOTO CAUTION              ; Jump to the caution state
0087    001E            
0088    001E                ; Yellow state
0089    001E    1506        BSF PORTB, yellow         ; Turn on yellow LED
0090    001F    2036        CALL DELAY2               ; Wait for YELLOW_TIME (3 seconds)
0091    0020    1106        BCF PORTB, yellow         ; Turn off yellow LED
0092    0021            
0093    0021                ; Check if pedestrian button pressed
0094    0021    1822        BTFSC BUTTON_PRESSED, 0   ; If button pressed
0095    0022    2824        GOTO CAUTION              ; Jump to pedestrian crossing state
0096    0023            
0097    0023    2814        GOTO MAIN                 ; repeat the cycle
0098    0024            
0099    0024            CAUTION:
0100    0024                ; Caution state (Yellow light for cars)
0101    0024    1506        BSF PORTB, yellow         ; Turn on yellow LED
0102    0025    2036        CALL DELAY2               ; Wait for YELLOW_TIME (3 seconds)
0103    0026    1106        BCF PORTB, yellow         ; Turn off yellow LED
0104    0027            
0105    0027                ; Ensure cars stop at the red light
0106    0027    1486        BSF PORTB, red            ; Turn on red LED
0107    0028            
0108    0028                ; Pedestrian crossing state
0109    0028    1786        BSF PORTB, pedestrian_red ; Turn on pedestrian red LED
0110    0029    2031        CALL DELAY1               ; Wait for RED_TIME (10 seconds)
0111    002A    1386        BCF PORTB, pedestrian_red ; Turn off pedestrian red LED
0112    002B    1706        BSF PORTB, pedestrian_green ; Turn on pedestrian green LED
0113    002C    2031        CALL DELAY1               ; Wait for GREEN_TIME (10 seconds)
0114    002D    1306        BCF PORTB, pedestrian_green ; Turn off pedestrian green LED
0115    002E    1086        BCF PORTB, red            ; Turn off red LED
0116    002F            
0117    002F                ; Clear the button pressed flag
0118    002F    1022        BCF BUTTON_PRESSED, 0
0119    0030            
0120    0030                ; Resume normal cycle
0121    0030    2814        GOTO MAIN
0122    0031            
0123    0031            ; Delay subroutine in ms
0124    0031            ; Delay subroutine in ms
0125    0031            DELAY1:
0126    0031    3028        	MOVLW D'40'         		; 4MHz clock frequency - 40 cycles per ms
0127    0032    00A0        	MOVWF COUNT1
0128    0033            DELAY_LOOP1:
0129    0033    0BA0        	DECFSZ COUNT1, F
0130    0034    2833        	GOTO DELAY_LOOP1
0131    0035    0008        	RETURN
0132    0036            
0133    0036            ; Delay subroutine for pedestrian crossing state in ms
0134    0036            DELAY2:
0135    0036    300C        	MOVLW D'12'        		; Adjust for shorter delay (3 seconds)
0136    0037    00A1        	MOVWF COUNT2
0137    0038            DELAY_LOOP2:
0138    0038    0BA1        	DECFSZ COUNT2, F
0139    0039    2838        	GOTO DELAY_LOOP2
0140    003A    0008        	RETURN
0141    003B                END
---------------------------------------------
Number of errors = 0
